0 info it worked if it ends with ok
1 verbose cli [ '/usr/local/bin/node',
1 verbose cli   '/usr/local/bin/npm',
1 verbose cli   'install',
1 verbose cli   'jasmine-spec-reporter,',
1 verbose cli   '3.0.0' ]
2 info using npm@3.10.10
3 info using node@v6.9.5
4 silly loadCurrentTree Starting
5 silly install loadCurrentTree
6 silly install readLocalPackageData
7 silly fetchPackageMetaData jasmine-spec-reporter,
8 silly fetchPackageMetaData 3.0.0
9 silly fetchOtherPackageData jasmine-spec-reporter,
10 silly cache add args [ 'jasmine-spec-reporter,', null ]
11 verbose cache add spec jasmine-spec-reporter,
12 silly fetchNamedPackageData 3.0.0
13 silly mapToRegistry name 3.0.0
14 silly mapToRegistry using default registry
15 silly mapToRegistry registry https://registry.npmjs.org/
16 silly mapToRegistry data Result {
16 silly mapToRegistry   raw: '3.0.0',
16 silly mapToRegistry   scope: null,
16 silly mapToRegistry   escapedName: '3.0.0',
16 silly mapToRegistry   name: '3.0.0',
16 silly mapToRegistry   rawSpec: '',
16 silly mapToRegistry   spec: 'latest',
16 silly mapToRegistry   type: 'tag' }
17 silly mapToRegistry uri https://registry.npmjs.org/3.0.0
18 silly cache add parsed spec Result {
18 silly cache add   raw: 'jasmine-spec-reporter,',
18 silly cache add   scope: null,
18 silly cache add   escapedName: null,
18 silly cache add   name: null,
18 silly cache add   rawSpec: 'jasmine-spec-reporter,',
18 silly cache add   spec: '/Users/Nathanael.Araujo/Documents/Dev/Mobile/protactor/jasmine-spec-reporter,',
18 silly cache add   type: 'local' }
19 verbose request uri https://registry.npmjs.org/3.0.0
20 verbose request no auth needed
21 info attempt registry request try #1 at 11:48:54
22 verbose request id 3a8db71b7c130c85
23 http request GET https://registry.npmjs.org/3.0.0
24 error addLocal Could not install /Users/Nathanael.Araujo/Documents/Dev/Mobile/protactor/jasmine-spec-reporter,
25 silly fetchPackageMetaData Error: ENOENT: no such file or directory, open '/Users/Nathanael.Araujo/Documents/Dev/Mobile/protactor/jasmine-spec-reporter,'
25 silly fetchPackageMetaData     at Error (native)
25 silly fetchPackageMetaData  error for jasmine-spec-reporter, { Error: ENOENT: no such file or directory, open '/Users/Nathanael.Araujo/Documents/Dev/Mobile/protactor/jasmine-spec-reporter,'
25 silly fetchPackageMetaData     at Error (native)
25 silly fetchPackageMetaData   errno: -2,
25 silly fetchPackageMetaData   code: 'ENOENT',
25 silly fetchPackageMetaData   syscall: 'open',
25 silly fetchPackageMetaData   path: '/Users/Nathanael.Araujo/Documents/Dev/Mobile/protactor/jasmine-spec-reporter,' }
26 http 404 https://registry.npmjs.org/3.0.0
27 verbose headers { 'content-type': 'application/json',
27 verbose headers   'cache-control': 'max-age=0',
27 verbose headers   'content-length': '2',
27 verbose headers   'accept-ranges': 'bytes',
27 verbose headers   date: 'Tue, 21 Feb 2017 14:48:55 GMT',
27 verbose headers   via: '1.1 varnish',
27 verbose headers   age: '0',
27 verbose headers   connection: 'keep-alive',
27 verbose headers   'x-served-by': 'cache-gru7123-GRU',
27 verbose headers   'x-cache': 'MISS',
27 verbose headers   'x-cache-hits': '0',
27 verbose headers   'x-timer': 'S1487688534.282470,VS0,VE756',
27 verbose headers   vary: 'Accept-Encoding' }
28 silly get cb [ 404,
28 silly get   { 'content-type': 'application/json',
28 silly get     'cache-control': 'max-age=0',
28 silly get     'content-length': '2',
28 silly get     'accept-ranges': 'bytes',
28 silly get     date: 'Tue, 21 Feb 2017 14:48:55 GMT',
28 silly get     via: '1.1 varnish',
28 silly get     age: '0',
28 silly get     connection: 'keep-alive',
28 silly get     'x-served-by': 'cache-gru7123-GRU',
28 silly get     'x-cache': 'MISS',
28 silly get     'x-cache-hits': '0',
28 silly get     'x-timer': 'S1487688534.282470,VS0,VE756',
28 silly get     vary: 'Accept-Encoding' } ]
29 silly fetchPackageMetaData Error: Registry returned 404 for GET on https://registry.npmjs.org/3.0.0
29 silly fetchPackageMetaData     at makeError (/usr/local/lib/node_modules/npm/node_modules/npm-registry-client/lib/request.js:302:12)
29 silly fetchPackageMetaData     at CachingRegistryClient.<anonymous> (/usr/local/lib/node_modules/npm/node_modules/npm-registry-client/lib/request.js:280:14)
29 silly fetchPackageMetaData     at Request._callback (/usr/local/lib/node_modules/npm/node_modules/npm-registry-client/lib/request.js:210:14)
29 silly fetchPackageMetaData     at Request.self.callback (/usr/local/lib/node_modules/npm/node_modules/request/request.js:187:22)
29 silly fetchPackageMetaData     at emitTwo (events.js:106:13)
29 silly fetchPackageMetaData     at Request.emit (events.js:191:7)
29 silly fetchPackageMetaData     at Request.<anonymous> (/usr/local/lib/node_modules/npm/node_modules/request/request.js:1048:10)
29 silly fetchPackageMetaData     at emitOne (events.js:96:13)
29 silly fetchPackageMetaData     at Request.emit (events.js:188:7)
29 silly fetchPackageMetaData     at IncomingMessage.<anonymous> (/usr/local/lib/node_modules/npm/node_modules/request/request.js:969:12)
29 silly fetchPackageMetaData  error for 3.0.0 { Error: Registry returned 404 for GET on https://registry.npmjs.org/3.0.0
29 silly fetchPackageMetaData     at makeError (/usr/local/lib/node_modules/npm/node_modules/npm-registry-client/lib/request.js:302:12)
29 silly fetchPackageMetaData     at CachingRegistryClient.<anonymous> (/usr/local/lib/node_modules/npm/node_modules/npm-registry-client/lib/request.js:280:14)
29 silly fetchPackageMetaData     at Request._callback (/usr/local/lib/node_modules/npm/node_modules/npm-registry-client/lib/request.js:210:14)
29 silly fetchPackageMetaData     at Request.self.callback (/usr/local/lib/node_modules/npm/node_modules/request/request.js:187:22)
29 silly fetchPackageMetaData     at emitTwo (events.js:106:13)
29 silly fetchPackageMetaData     at Request.emit (events.js:191:7)
29 silly fetchPackageMetaData     at Request.<anonymous> (/usr/local/lib/node_modules/npm/node_modules/request/request.js:1048:10)
29 silly fetchPackageMetaData     at emitOne (events.js:96:13)
29 silly fetchPackageMetaData     at Request.emit (events.js:188:7)
29 silly fetchPackageMetaData     at IncomingMessage.<anonymous> (/usr/local/lib/node_modules/npm/node_modules/request/request.js:969:12) pkgid: '3.0.0', statusCode: 404, code: 'E404' }
30 silly rollbackFailedOptional Starting
31 silly rollbackFailedOptional Finishing
32 silly runTopLevelLifecycles Finishing
33 silly install printInstalled
34 verbose stack Error: ENOENT: no such file or directory, open '/Users/Nathanael.Araujo/Documents/Dev/Mobile/protactor/jasmine-spec-reporter,'
34 verbose stack     at Error (native)
35 verbose cwd /Users/Nathanael.Araujo/Documents/Dev/Mobile/protactor
36 error Darwin 15.6.0
37 error argv "/usr/local/bin/node" "/usr/local/bin/npm" "install" "jasmine-spec-reporter," "3.0.0"
38 error node v6.9.5
39 error npm  v3.10.10
40 error path /Users/Nathanael.Araujo/Documents/Dev/Mobile/protactor/jasmine-spec-reporter,
41 error code ENOENT
42 error errno -2
43 error syscall open
44 error enoent ENOENT: no such file or directory, open '/Users/Nathanael.Araujo/Documents/Dev/Mobile/protactor/jasmine-spec-reporter,'
45 error enoent ENOENT: no such file or directory, open '/Users/Nathanael.Araujo/Documents/Dev/Mobile/protactor/jasmine-spec-reporter,'
45 error enoent This is most likely not a problem with npm itself
45 error enoent and is related to npm not being able to find a file.
46 verbose exit [ -2, true ]
